<testsuites id="" name="" tests="3" failures="3" skipped="0" errors="0" time="4.775639">
<testsuite name="example.spec.ts" timestamp="2026-04-05T03:07:48.642Z" hostname="chromium" tests="1" failures="1" skipped="0" time="1.499" errors="0">
<testcase name="Dashboard Initial Load › @P0 @API verify health check" classname="example.spec.ts" time="1.499">
<system-out>
<![CDATA[[03:07:50] [1m[36m==== Check system health ====[0m


[[ATTACHMENT|../test-results/example-Dashboard-Initial-Load-P0-API-verify-health-check-chromium/test-failed-1.png]]

[[ATTACHMENT|../test-results/example-Dashboard-Initial-Load-P0-API-verify-health-check-chromium/error-context.md]]

[[ATTACHMENT|../test-results/example-Dashboard-Initial-Load-P0-API-verify-health-check-chromium/trace.zip]]
]]>
</system-out>
<system-err>
<![CDATA[GET http://localhost:3000/api/health returned 500 (attempt 1/4), retrying in 104ms
GET http://localhost:3000/api/health returned 500 (attempt 2/4), retrying in 209ms
GET http://localhost:3000/api/health returned 500 (attempt 3/4), retrying in 386ms
]]>
</system-err>
<failure message="expect(received).toBe(expected) // Object.is equality" type="expect.toBe">
<![CDATA[  [chromium] › example.spec.ts:18:7 › Dashboard Initial Load › @P0 @API verify health check ────────

    Error: expect(received).toBe(expected) // Object.is equality

    Expected: 200
    Received: 500

      25 |     // This test will likely fail until the endpoint is added, 
      26 |     // which is correct for TDD / Readiness Probing.
    > 27 |     expect(status).toBe(200);
         |                    ^
      28 |     expect(body).toMatchObject({ status: 'ok' });
      29 |   });
      30 | });
        at /Users/joeward/Antigravity Projects/EngineAI Dashboard/playwright/e2e/example.spec.ts:27:20

    attachment #1: screenshot (image/png) ──────────────────────────────────────────────────────────
    ../../test-results/example-Dashboard-Initial-Load-P0-API-verify-health-check-chromium/test-failed-1.png
    ────────────────────────────────────────────────────────────────────────────────────────────────

    Error Context: ../../test-results/example-Dashboard-Initial-Load-P0-API-verify-health-check-chromium/error-context.md

    attachment #3: trace (application/zip) ─────────────────────────────────────────────────────────
    ../../test-results/example-Dashboard-Initial-Load-P0-API-verify-health-check-chromium/trace.zip
    Usage:

        npx playwright show-trace ../../test-results/example-Dashboard-Initial-Load-P0-API-verify-health-check-chromium/trace.zip

    ────────────────────────────────────────────────────────────────────────────────────────────────
]]>
</failure>
</testcase>
</testsuite>
<testsuite name="example.spec.ts" timestamp="2026-04-05T03:07:48.642Z" hostname="firefox" tests="1" failures="1" skipped="0" time="1.993" errors="0">
<testcase name="Dashboard Initial Load › @P0 @API verify health check" classname="example.spec.ts" time="1.993">
<system-out>
<![CDATA[[03:07:51] [1m[36m==== Check system health ====[0m


[[ATTACHMENT|../test-results/example-Dashboard-Initial-Load-P0-API-verify-health-check-firefox/test-failed-1.png]]

[[ATTACHMENT|../test-results/example-Dashboard-Initial-Load-P0-API-verify-health-check-firefox/error-context.md]]

[[ATTACHMENT|../test-results/example-Dashboard-Initial-Load-P0-API-verify-health-check-firefox/trace.zip]]
]]>
</system-out>
<system-err>
<![CDATA[GET http://localhost:3000/api/health returned 500 (attempt 1/4), retrying in 93ms
GET http://localhost:3000/api/health returned 500 (attempt 2/4), retrying in 243ms
GET http://localhost:3000/api/health returned 500 (attempt 3/4), retrying in 457ms
]]>
</system-err>
<failure message="expect(received).toBe(expected) // Object.is equality" type="expect.toBe">
<![CDATA[  [firefox] › example.spec.ts:18:7 › Dashboard Initial Load › @P0 @API verify health check ─────────

    Error: expect(received).toBe(expected) // Object.is equality

    Expected: 200
    Received: 500

      25 |     // This test will likely fail until the endpoint is added, 
      26 |     // which is correct for TDD / Readiness Probing.
    > 27 |     expect(status).toBe(200);
         |                    ^
      28 |     expect(body).toMatchObject({ status: 'ok' });
      29 |   });
      30 | });
        at /Users/joeward/Antigravity Projects/EngineAI Dashboard/playwright/e2e/example.spec.ts:27:20

    attachment #1: screenshot (image/png) ──────────────────────────────────────────────────────────
    ../../test-results/example-Dashboard-Initial-Load-P0-API-verify-health-check-firefox/test-failed-1.png
    ────────────────────────────────────────────────────────────────────────────────────────────────

    Error Context: ../../test-results/example-Dashboard-Initial-Load-P0-API-verify-health-check-firefox/error-context.md

    attachment #3: trace (application/zip) ─────────────────────────────────────────────────────────
    ../../test-results/example-Dashboard-Initial-Load-P0-API-verify-health-check-firefox/trace.zip
    Usage:

        npx playwright show-trace ../../test-results/example-Dashboard-Initial-Load-P0-API-verify-health-check-firefox/trace.zip

    ────────────────────────────────────────────────────────────────────────────────────────────────
]]>
</failure>
</testcase>
</testsuite>
<testsuite name="example.spec.ts" timestamp="2026-04-05T03:07:48.642Z" hostname="webkit" tests="1" failures="1" skipped="0" time="1.887" errors="0">
<testcase name="Dashboard Initial Load › @P0 @API verify health check" classname="example.spec.ts" time="1.887">
<system-out>
<![CDATA[[03:07:51] [1m[36m==== Check system health ====[0m


[[ATTACHMENT|../test-results/example-Dashboard-Initial-Load-P0-API-verify-health-check-webkit/test-failed-1.png]]

[[ATTACHMENT|../test-results/example-Dashboard-Initial-Load-P0-API-verify-health-check-webkit/error-context.md]]

[[ATTACHMENT|../test-results/example-Dashboard-Initial-Load-P0-API-verify-health-check-webkit/trace.zip]]
]]>
</system-out>
<system-err>
<![CDATA[GET http://localhost:3000/api/health returned 500 (attempt 1/4), retrying in 90ms
GET http://localhost:3000/api/health returned 500 (attempt 2/4), retrying in 195ms
GET http://localhost:3000/api/health returned 500 (attempt 3/4), retrying in 423ms
]]>
</system-err>
<failure message="expect(received).toBe(expected) // Object.is equality" type="expect.toBe">
<![CDATA[  [webkit] › example.spec.ts:18:7 › Dashboard Initial Load › @P0 @API verify health check ──────────

    Error: expect(received).toBe(expected) // Object.is equality

    Expected: 200
    Received: 500

      25 |     // This test will likely fail until the endpoint is added, 
      26 |     // which is correct for TDD / Readiness Probing.
    > 27 |     expect(status).toBe(200);
         |                    ^
      28 |     expect(body).toMatchObject({ status: 'ok' });
      29 |   });
      30 | });
        at /Users/joeward/Antigravity Projects/EngineAI Dashboard/playwright/e2e/example.spec.ts:27:20

    attachment #1: screenshot (image/png) ──────────────────────────────────────────────────────────
    ../../test-results/example-Dashboard-Initial-Load-P0-API-verify-health-check-webkit/test-failed-1.png
    ────────────────────────────────────────────────────────────────────────────────────────────────

    Error Context: ../../test-results/example-Dashboard-Initial-Load-P0-API-verify-health-check-webkit/error-context.md

    attachment #3: trace (application/zip) ─────────────────────────────────────────────────────────
    ../../test-results/example-Dashboard-Initial-Load-P0-API-verify-health-check-webkit/trace.zip
    Usage:

        npx playwright show-trace ../../test-results/example-Dashboard-Initial-Load-P0-API-verify-health-check-webkit/trace.zip

    ────────────────────────────────────────────────────────────────────────────────────────────────
]]>
</failure>
</testcase>
</testsuite>
</testsuites>